-------------------------------------------------------------------------------
Test set: com.polanco.updown.UpDownApplicationTests
-------------------------------------------------------------------------------
Tests run: 1, Failures: 0, Errors: 1, Skipped: 0, Time elapsed: 13.6 s <<< FAILURE! - in com.polanco.updown.UpDownApplicationTests
contextLoads  Time elapsed: 0.001 s  <<< ERROR!
java.lang.IllegalStateException: Failed to load ApplicationContext
Caused by: org.springframework.beans.factory.BeanCreationException: 
Error creating bean with name 'upDownApplication': Instantiation of bean failed; nested exception is org.springframework.beans.BeanInstantiationException: Failed to instantiate [com.polanco.updown.UpDownApplication$$EnhancerBySpringCGLIB$$b894772f]: Constructor threw exception; nested exception is java.lang.Error: Unresolved compilation problems: 
	The method of(T) in the type Stream is not applicable for the arguments (User, User, User, User)
	The constructor User(int, String, String, String) is undefined
	The constructor User(int, String, String, String) is undefined
	The constructor User(int, String, String, String) is undefined
	The constructor User(int, String, String, String) is undefined
	BCryptPasswordEncoder.encode cannot be resolved to a type
	The method getPassword() is undefined for the type User

Caused by: org.springframework.beans.BeanInstantiationException: 
Failed to instantiate [com.polanco.updown.UpDownApplication$$EnhancerBySpringCGLIB$$b894772f]: Constructor threw exception; nested exception is java.lang.Error: Unresolved compilation problems: 
	The method of(T) in the type Stream is not applicable for the arguments (User, User, User, User)
	The constructor User(int, String, String, String) is undefined
	The constructor User(int, String, String, String) is undefined
	The constructor User(int, String, String, String) is undefined
	The constructor User(int, String, String, String) is undefined
	BCryptPasswordEncoder.encode cannot be resolved to a type
	The method getPassword() is undefined for the type User

Caused by: java.lang.Error: 
Unresolved compilation problems: 
	The method of(T) in the type Stream is not applicable for the arguments (User, User, User, User)
	The constructor User(int, String, String, String) is undefined
	The constructor User(int, String, String, String) is undefined
	The constructor User(int, String, String, String) is undefined
	The constructor User(int, String, String, String) is undefined
	BCryptPasswordEncoder.encode cannot be resolved to a type
	The method getPassword() is undefined for the type User


